<?xml version="1.0" encoding="UTF-8"?>
<!-- Generated by org.testng.reporters.JUnitReportReporter -->
<testsuite hostname="DESKTOP-OBR5FT2" failures="0" tests="1" name="com.shop.test.PlaceAnOrderTest" time="93.467" errors="0" timestamp="24 Mar 2022 19:57:25 GMT" skipped="0">
  <testcase classname="com.shop.test.PlaceAnOrderTest" name="VerifyOrderPlacement" time="93.467"/>
</testsuite> <!-- com.shop.test.PlaceAnOrderTest -->
